<?xml version="1.0" encoding="UTF-8"?>
<!-- Generated by org.testng.reporters.JUnitXMLReporter -->
<testsuite hostname="LAPTOP-1IKM18D7" ignored="0" name="Default test" tests="3" failures="0" timestamp="18 Sep 2024 02:10:22 GMT" time="0.029" errors="0">
  <testcase name="funA" time="0.005" classname="DDFWDemo1.TestNGInvokeDemo1"/>
  <testcase name="funA" time="0.001" classname="DDFWDemo1.TestNGInvokeDemo1"/>
  <testcase name="funA" time="0.001" classname="DDFWDemo1.TestNGInvokeDemo1"/>
</testsuite> <!-- Default test -->
