<?xml version="1.0" encoding="UTF-8"?>
<testng-results skipped="0" failed="0" ignored="0" total="3" passed="3">
  <reporter-output>
  </reporter-output>
  <suite name="Default suite" duration-ms="29" started-at="2024-09-18T02:10:22Z" finished-at="2024-09-18T02:10:22Z">
    <groups>
    </groups>
    <test name="Default test" duration-ms="29" started-at="2024-09-18T02:10:22Z" finished-at="2024-09-18T02:10:22Z">
      <class name="DDFWDemo1.TestNGInvokeDemo1">
        <test-method status="PASS" signature="funA()[pri:0, instance:DDFWDemo1.TestNGInvokeDemo1@4f7d0008]" name="funA" duration-ms="5" started-at="2024-09-18T02:10:22Z" finished-at="2024-09-18T02:10:22Z">
          <reporter-output>
          </reporter-output>
        </test-method> <!-- funA -->
        <test-method status="PASS" signature="funA()[pri:0, instance:DDFWDemo1.TestNGInvokeDemo1@4f7d0008]" name="funA" duration-ms="1" started-at="2024-09-18T02:10:22Z" finished-at="2024-09-18T02:10:22Z">
          <reporter-output>
          </reporter-output>
        </test-method> <!-- funA -->
        <test-method status="PASS" signature="funA()[pri:0, instance:DDFWDemo1.TestNGInvokeDemo1@4f7d0008]" name="funA" duration-ms="1" started-at="2024-09-18T02:10:22Z" finished-at="2024-09-18T02:10:22Z">
          <reporter-output>
          </reporter-output>
        </test-method> <!-- funA -->
      </class> <!-- DDFWDemo1.TestNGInvokeDemo1 -->
    </test> <!-- Default test -->
  </suite> <!-- Default suite -->
</testng-results>
